*** Using Compiler 'V5.06 update 7 (build 960)', folder: 'C:\Keil_v5\ARM\ARMCC\Bin'
Rebuild target 'g030_st7789'
assembling startup_stm32g030xx.s...
compiling stm32g0xx_ll_rcc.c...
compiling i2c.c...
compiling usart.c...
compiling imu.c...
compiling gpio.c...
compiling spi.c...
compiling stm32g0xx_hal_flash.c...
compiling stm32g0xx_it.c...
compiling stm32g0xx_hal_msp.c...
compiling stm32g0xx_hal_i2c_ex.c...
compiling tim.c...
compiling stm32g0xx_hal_rcc_ex.c...
compiling main.c...
compiling stm32g0xx_ll_dma.c...
compiling stm32g0xx_hal_rcc.c...
compiling stm32g0xx_hal_i2c.c...
compiling screen.c...
screen.c(670): warning:  #1-D: last line of file ends without a newline
screen.c: 1 warning, 0 errors
compiling stm32g0xx_hal_uart_ex.c...
compiling stm32g0xx_hal_gpio.c...
compiling stm32g0xx_hal_spi_ex.c...
compiling stm32g0xx_hal.c...
compiling stm32g0xx_hal_flash_ex.c...
compiling stm32g0xx_hal_pwr_ex.c...
compiling stm32g0xx_hal_exti.c...
compiling stm32g0xx_hal_cortex.c...
compiling stm32g0xx_hal_dma.c...
compiling stm32g0xx_hal_pwr.c...
compiling stm32g0xx_hal_dma_ex.c...
compiling stm32g0xx_hal_tim_ex.c...
compiling stm32g0xx_hal_spi.c...
compiling stm32g0xx_hal_uart.c...
compiling stm32g0xx_hal_tim.c...
compiling system_stm32g0xx.c...
linking...
g030_st7789\g030_st7789.axf: Error: L6218E: Undefined symbol HAL_IWDG_Refresh (referred from main.o).
g030_st7789\g030_st7789.axf: Error: L6218E: Undefined symbol MX_IWDG_Init (referred from main.o).
g030_st7789\g030_st7789.axf: Error: L6218E: Undefined symbol hiwdg (referred from main.o).
Not enough information to list image symbols.
Not enough information to list load addresses in the image map.
Finished: 2 information, 0 warning and 3 error messages.
"g030_st7789\g030_st7789.axf" - 3 Error(s), 1 Warning(s).
Target not created.
Build Time Elapsed:  00:00:06
